<?xml version="1.0" encoding="UTF-8"?>
<!-- Generated by org.testng.reporters.JUnitReportReporter -->
<testsuite hostname="BALA" failures="0" tests="1" name="com.actitime.testscript.CustomerModule" time="23.022" errors="0" timestamp="2023-05-19T18:58:11 IST" skipped="0">
  <testcase classname="com.actitime.testscript.CustomerModule" name="testCreateCustomer" time="23.022"/>
  <system-out>
    <![CDATA[Create Customer]]>
  </system-out>
</testsuite> <!-- com.actitime.testscript.CustomerModule -->
